[INFO ] 2025-08-27 09:50:38.252 [main] StepDef - **********Launching Chrome Browser**********
[INFO ] 2025-08-27 09:50:38.529 [main] StepDef - **********Launching Chrome Browser2**********
[INFO ] 2025-08-27 09:50:40.829 [main] StepDef - **********Opening URL**********
[INFO ] 2025-08-27 09:50:44.845 [main] StepDef - **********Providing login details**********
[INFO ] 2025-08-27 09:50:48.816 [main] StepDef - **********Clicked on login button**********
[INFO ] 2025-08-27 11:11:44.945 [main] StepDef - **********Launching Firefox Browser**********
[INFO ] 2025-08-27 11:11:45.111 [main] StepDef - **********Launching Chrome Browser2**********
[INFO ] 2025-08-27 11:11:46.578 [main] StepDef - **********Opening URL**********
[INFO ] 2025-08-27 11:11:49.983 [main] StepDef - **********Providing login details**********
[INFO ] 2025-08-27 11:11:52.314 [main] StepDef - **********Clicked on login button**********
[INFO ] 2025-08-27 11:13:27.808 [main] StepDef - **********Launching Chrome Browser**********
[INFO ] 2025-08-27 11:13:28.109 [main] StepDef - **********Launching Chrome Browser2**********
[INFO ] 2025-08-27 11:13:29.780 [main] StepDef - **********Opening URL**********
[INFO ] 2025-08-27 11:13:33.755 [main] StepDef - **********Providing login details**********
[INFO ] 2025-08-27 11:13:36.810 [main] StepDef - **********Clicked on login button**********
[INFO ] 2025-08-27 13:28:26.740 [main] StepDef - **********Launching Chrome Browser**********
[INFO ] 2025-08-27 13:28:26.918 [main] StepDef - **********Launching Chrome Browser2**********
[INFO ] 2025-08-27 13:28:28.045 [main] StepDef - **********Opening URL**********
[INFO ] 2025-08-27 13:28:32.320 [main] StepDef - **********Providing login details**********
[INFO ] 2025-08-27 13:28:38.626 [main] StepDef - **********Clicked on login button**********
[INFO ] 2025-08-27 14:18:11.195 [main] StepDef - **********Launching Chrome Browser**********
[INFO ] 2025-08-27 14:18:11.542 [main] StepDef - **********Launching Chrome Browser2**********
[INFO ] 2025-08-27 14:18:15.119 [main] StepDef - **********Opening URL**********
[INFO ] 2025-08-27 14:18:19.616 [main] StepDef - **********Providing login details**********
[INFO ] 2025-08-27 14:18:23.502 [main] StepDef - **********Clicked on login button**********
[INFO ] 2025-08-27 14:26:00.573 [main] StepDef - **********Launching Chrome Browser**********
[INFO ] 2025-08-27 14:26:00.963 [main] StepDef - **********Launching Chrome Browser2**********
[INFO ] 2025-08-27 14:26:03.416 [main] StepDef - **********Opening URL**********
[INFO ] 2025-08-27 14:26:07.849 [main] StepDef - **********Providing login details**********
[INFO ] 2025-08-27 14:26:11.650 [main] StepDef - **********Clicked on login button**********
[INFO ] 2025-08-27 14:35:04.354 [main] StepDef - **********Launching Chrome Browser**********
[INFO ] 2025-08-27 14:35:04.841 [main] StepDef - **********Launching Chrome Browser2**********
[INFO ] 2025-08-27 14:35:17.213 [main] StepDef - **********Opening URL**********
[INFO ] 2025-08-27 14:35:25.140 [main] StepDef - **********Providing login details**********
[INFO ] 2025-08-27 14:35:30.283 [main] StepDef - **********Clicked on login button**********
[INFO ] 2025-08-27 14:56:35.362 [main] StepDef - **********Launching Chrome Browser**********
[INFO ] 2025-08-27 14:56:35.496 [main] StepDef - **********Launching Chrome Browser2**********
[INFO ] 2025-08-27 14:56:36.247 [main] StepDef - **********Opening URL**********
[INFO ] 2025-08-27 14:56:40.172 [main] StepDef - **********Providing login details**********
[INFO ] 2025-08-27 14:56:42.359 [main] StepDef - **********Clicked on login button**********
[INFO ] 2025-08-28 08:53:45.451 [main] StepDef - **********Launching Chrome Browser**********
[INFO ] 2025-08-28 08:53:45.724 [main] StepDef - **********Launching Chrome Browser2**********
[INFO ] 2025-08-28 08:53:48.007 [main] StepDef - **********Opening URL**********
[INFO ] 2025-08-28 08:53:55.476 [main] StepDef - **********Providing login details**********
[INFO ] 2025-08-28 08:53:55.817 [main] StepDef - **********Clicked on login button**********
[INFO ] 2025-08-28 09:43:00.809 [main] StepDef - **********Launching Chrome Browser**********
[INFO ] 2025-08-28 09:43:01.116 [main] StepDef - **********Launching Chrome Browser2**********
[INFO ] 2025-08-28 09:43:03.825 [main] StepDef - **********Opening URL**********
[INFO ] 2025-08-28 09:43:07.959 [main] StepDef - **********Providing login details**********
[INFO ] 2025-08-28 09:43:11.298 [main] StepDef - **********Clicked on login button**********
[INFO ] 2025-08-28 09:43:31.355 [main] StepDef - **********Launching Chrome Browser**********
[INFO ] 2025-08-28 09:43:31.368 [main] StepDef - **********Launching Chrome Browser2**********
[INFO ] 2025-08-28 09:43:32.578 [main] StepDef - **********Opening URL**********
[INFO ] 2025-08-28 09:43:36.526 [main] StepDef - **********Providing login details**********
[INFO ] 2025-08-28 09:43:40.064 [main] StepDef - **********Clicked on login button**********
[INFO ] 2025-08-28 09:43:49.867 [main] StepDef - **********Launching Chrome Browser**********
[INFO ] 2025-08-28 09:43:49.891 [main] StepDef - **********Launching Chrome Browser2**********
[INFO ] 2025-08-28 09:43:51.288 [main] StepDef - **********Opening URL**********
[INFO ] 2025-08-28 09:43:55.219 [main] StepDef - **********Providing login details**********
[INFO ] 2025-08-28 09:43:58.588 [main] StepDef - **********Clicked on login button**********
[INFO ] 2025-08-28 09:44:03.650 [main] StepDef - **********Launching Chrome Browser**********
[INFO ] 2025-08-28 09:44:03.655 [main] StepDef - **********Launching Chrome Browser2**********
[INFO ] 2025-08-28 09:44:06.350 [main] StepDef - **********Opening URL**********
[INFO ] 2025-08-28 09:44:10.473 [main] StepDef - **********Providing login details**********
[INFO ] 2025-08-28 09:44:14.422 [main] StepDef - **********Clicked on login button**********
[WARN ] 2025-08-28 09:44:15.708 [main] StepDef - **********validated**********
[INFO ] 2025-08-28 09:44:21.666 [main] StepDef - **********Launching Chrome Browser**********
[INFO ] 2025-08-28 09:44:21.678 [main] StepDef - **********Launching Chrome Browser2**********
[INFO ] 2025-08-28 09:44:23.471 [main] StepDef - **********Opening URL**********
[INFO ] 2025-08-28 09:44:27.532 [main] StepDef - **********Providing login details**********
[INFO ] 2025-08-28 09:44:28.574 [main] StepDef - **********Clicked on login button**********
[INFO ] 2025-08-28 09:44:32.410 [main] StepDef - **********Launching Chrome Browser**********
[INFO ] 2025-08-28 09:44:32.417 [main] StepDef - **********Launching Chrome Browser2**********
[INFO ] 2025-08-28 09:44:33.624 [main] StepDef - **********Opening URL**********
[INFO ] 2025-08-28 09:44:38.727 [main] StepDef - **********Providing login details**********
[INFO ] 2025-08-28 09:44:40.679 [main] StepDef - **********Clicked on login button**********
[INFO ] 2025-08-28 09:44:44.192 [main] StepDef - **********Launching Chrome Browser**********
[INFO ] 2025-08-28 09:44:44.197 [main] StepDef - **********Launching Chrome Browser2**********
[INFO ] 2025-08-28 09:44:45.467 [main] StepDef - **********Opening URL**********
[INFO ] 2025-08-28 09:44:49.416 [main] StepDef - **********Providing login details**********
[INFO ] 2025-08-28 09:44:52.554 [main] StepDef - **********Clicked on login button**********
[WARN ] 2025-08-28 09:44:53.325 [main] StepDef - **********validated**********
[INFO ] 2025-08-28 09:52:42.540 [main] StepDef - **********Launching Chrome Browser**********
[INFO ] 2025-08-28 09:52:43.014 [main] StepDef - **********Launching Chrome Browser2**********
[INFO ] 2025-08-28 09:52:44.892 [main] StepDef - **********Opening URL**********
[INFO ] 2025-08-28 09:52:49.306 [main] StepDef - **********Providing login details**********
[INFO ] 2025-08-28 09:52:55.528 [main] StepDef - **********Clicked on login button**********
[INFO ] 2025-08-28 09:53:16.042 [main] StepDef - **********Launching Chrome Browser**********
[INFO ] 2025-08-28 09:53:16.050 [main] StepDef - **********Launching Chrome Browser2**********
[INFO ] 2025-08-28 09:53:18.684 [main] StepDef - **********Opening URL**********
[INFO ] 2025-08-28 09:53:22.822 [main] StepDef - **********Providing login details**********
[INFO ] 2025-08-28 09:53:25.797 [main] StepDef - **********Clicked on login button**********
[INFO ] 2025-08-28 09:53:42.512 [main] StepDef - **********Launching Chrome Browser**********
[INFO ] 2025-08-28 09:53:42.521 [main] StepDef - **********Launching Chrome Browser2**********
[INFO ] 2025-08-28 09:53:44.423 [main] StepDef - **********Opening URL**********
[INFO ] 2025-08-28 09:53:48.706 [main] StepDef - **********Providing login details**********
[INFO ] 2025-08-28 09:53:52.176 [main] StepDef - **********Clicked on login button**********
[INFO ] 2025-08-28 09:54:00.748 [main] StepDef - **********Launching Chrome Browser**********
[INFO ] 2025-08-28 09:54:00.760 [main] StepDef - **********Launching Chrome Browser2**********
[INFO ] 2025-08-28 09:54:01.874 [main] StepDef - **********Opening URL**********
[INFO ] 2025-08-28 09:54:06.060 [main] StepDef - **********Providing login details**********
[INFO ] 2025-08-28 09:54:08.696 [main] StepDef - **********Clicked on login button**********
[WARN ] 2025-08-28 09:54:10.483 [main] StepDef - **********validated**********
[INFO ] 2025-08-28 09:54:17.201 [main] StepDef - **********Launching Chrome Browser**********
[INFO ] 2025-08-28 09:54:17.221 [main] StepDef - **********Launching Chrome Browser2**********
[INFO ] 2025-08-28 09:54:19.580 [main] StepDef - **********Opening URL**********
[INFO ] 2025-08-28 09:54:24.792 [main] StepDef - **********Providing login details**********
[INFO ] 2025-08-28 09:54:27.035 [main] StepDef - **********Clicked on login button**********
[INFO ] 2025-08-28 09:54:33.912 [main] StepDef - **********Launching Chrome Browser**********
[INFO ] 2025-08-28 09:54:33.918 [main] StepDef - **********Launching Chrome Browser2**********
[INFO ] 2025-08-28 09:54:36.780 [main] StepDef - **********Opening URL**********
[INFO ] 2025-08-28 09:54:41.922 [main] StepDef - **********Providing login details**********
[INFO ] 2025-08-28 09:54:43.509 [main] StepDef - **********Clicked on login button**********
[INFO ] 2025-08-28 09:54:48.966 [main] StepDef - **********Launching Chrome Browser**********
[INFO ] 2025-08-28 09:54:48.974 [main] StepDef - **********Launching Chrome Browser2**********
[INFO ] 2025-08-28 09:54:51.086 [main] StepDef - **********Opening URL**********
[INFO ] 2025-08-28 09:54:55.471 [main] StepDef - **********Providing login details**********
[INFO ] 2025-08-28 09:55:00.542 [main] StepDef - **********Clicked on login button**********
[WARN ] 2025-08-28 09:55:02.677 [main] StepDef - **********validated**********
[INFO ] 2025-08-29 09:10:09.410 [main] StepDef - **********Launching Chrome Browser**********
[INFO ] 2025-08-29 09:10:09.653 [main] StepDef - **********Launching Chrome Browser2**********
[INFO ] 2025-08-29 09:10:10.503 [main] StepDef - **********Opening URL**********
[INFO ] 2025-08-29 09:10:14.448 [main] StepDef - **********Providing login details**********
[INFO ] 2025-08-29 09:10:18.106 [main] StepDef - **********Clicked on login button**********
[INFO ] 2025-08-29 09:10:38.862 [main] StepDef - **********Launching Chrome Browser**********
[INFO ] 2025-08-29 09:10:38.871 [main] StepDef - **********Launching Chrome Browser2**********
[INFO ] 2025-08-29 09:10:40.405 [main] StepDef - **********Opening URL**********
[INFO ] 2025-08-29 09:10:44.328 [main] StepDef - **********Providing login details**********
[INFO ] 2025-08-29 09:10:47.242 [main] StepDef - **********Clicked on login button**********
[INFO ] 2025-08-29 09:10:58.059 [main] StepDef - **********Launching Chrome Browser**********
[INFO ] 2025-08-29 09:10:58.066 [main] StepDef - **********Launching Chrome Browser2**********
[INFO ] 2025-08-29 09:10:58.654 [main] StepDef - **********Opening URL**********
[INFO ] 2025-08-29 09:11:02.555 [main] StepDef - **********Providing login details**********
[INFO ] 2025-08-29 09:11:05.136 [main] StepDef - **********Clicked on login button**********
[INFO ] 2025-08-29 09:17:39.806 [main] StepDef - **********Launching Chrome Browser**********
[INFO ] 2025-08-29 09:17:40.083 [main] StepDef - **********Launching Chrome Browser2**********
[INFO ] 2025-08-29 09:17:40.794 [main] StepDef - **********Opening URL**********
[INFO ] 2025-08-29 09:17:45.144 [main] StepDef - **********Providing login details**********
[INFO ] 2025-08-29 09:17:48.538 [main] StepDef - **********Clicked on login button**********
[INFO ] 2025-08-29 09:18:06.782 [main] StepDef - **********Launching Chrome Browser**********
[INFO ] 2025-08-29 09:18:06.789 [main] StepDef - **********Launching Chrome Browser2**********
[INFO ] 2025-08-29 09:18:08.785 [main] StepDef - **********Opening URL**********
[INFO ] 2025-08-29 09:18:13.923 [main] StepDef - **********Providing login details**********
[INFO ] 2025-08-29 09:18:17.267 [main] StepDef - **********Clicked on login button**********
[INFO ] 2025-08-29 09:18:33.424 [main] StepDef - **********Launching Chrome Browser**********
[INFO ] 2025-08-29 09:18:33.437 [main] StepDef - **********Launching Chrome Browser2**********
[INFO ] 2025-08-29 09:18:37.016 [main] StepDef - **********Opening URL**********
[INFO ] 2025-08-29 09:18:41.739 [main] StepDef - **********Providing login details**********
[INFO ] 2025-08-29 09:18:44.596 [main] StepDef - **********Clicked on login button**********
[INFO ] 2025-08-29 09:21:12.077 [main] StepDef - **********Launching Chrome Browser**********
[INFO ] 2025-08-29 09:21:12.299 [main] StepDef - **********Launching Chrome Browser2**********
[INFO ] 2025-08-29 09:21:12.935 [main] StepDef - **********Opening URL**********
[INFO ] 2025-08-29 09:21:17.071 [main] StepDef - **********Providing login details**********
[INFO ] 2025-08-29 09:21:20.565 [main] StepDef - **********Clicked on login button**********
[INFO ] 2025-08-29 09:21:37.917 [main] StepDef - **********Launching Chrome Browser**********
[INFO ] 2025-08-29 09:21:37.926 [main] StepDef - **********Launching Chrome Browser2**********
[INFO ] 2025-08-29 09:21:39.900 [main] StepDef - **********Opening URL**********
[INFO ] 2025-08-29 09:21:44.653 [main] StepDef - **********Providing login details**********
[INFO ] 2025-08-29 09:21:47.648 [main] StepDef - **********Clicked on login button**********
[INFO ] 2025-08-29 09:21:59.803 [main] StepDef - **********Launching Chrome Browser**********
[INFO ] 2025-08-29 09:21:59.808 [main] StepDef - **********Launching Chrome Browser2**********
[INFO ] 2025-08-29 09:22:02.801 [main] StepDef - **********Opening URL**********
[INFO ] 2025-08-29 09:22:09.273 [main] StepDef - **********Providing login details**********
[INFO ] 2025-08-29 09:22:12.274 [main] StepDef - **********Clicked on login button**********
[INFO ] 2025-08-29 18:13:30.482 [main] StepDef - **********Launching Chrome Browser**********
[INFO ] 2025-08-29 18:13:30.744 [main] StepDef - **********Launching Chrome Browser2**********
[INFO ] 2025-08-29 18:13:32.680 [main] StepDef - **********Opening URL**********
[INFO ] 2025-08-29 18:13:37.278 [main] StepDef - **********Providing login details**********
[INFO ] 2025-08-29 18:13:43.406 [main] StepDef - **********Clicked on login button**********
[INFO ] 2025-08-29 18:14:04.908 [main] StepDef - **********Launching Chrome Browser**********
[INFO ] 2025-08-29 18:14:04.917 [main] StepDef - **********Launching Chrome Browser2**********
[INFO ] 2025-08-29 18:14:06.516 [main] StepDef - **********Opening URL**********
[INFO ] 2025-08-29 18:14:10.740 [main] StepDef - **********Providing login details**********
[INFO ] 2025-08-29 18:14:13.867 [main] StepDef - **********Clicked on login button**********
[INFO ] 2025-08-29 18:14:26.855 [main] StepDef - **********Launching Chrome Browser**********
[INFO ] 2025-08-29 18:14:26.861 [main] StepDef - **********Launching Chrome Browser2**********
[INFO ] 2025-08-29 18:14:28.142 [main] StepDef - **********Opening URL**********
[INFO ] 2025-08-29 18:14:32.278 [main] StepDef - **********Providing login details**********
[INFO ] 2025-08-29 18:14:36.364 [main] StepDef - **********Clicked on login button**********
[INFO ] 2025-08-29 18:19:38.300 [main] StepDef - **********Launching Chrome Browser**********
[INFO ] 2025-08-29 18:19:38.601 [main] StepDef - **********Launching Chrome Browser2**********
[INFO ] 2025-08-29 18:19:41.374 [main] StepDef - **********Opening URL**********
[INFO ] 2025-08-29 18:19:46.411 [main] StepDef - **********Providing login details**********
[INFO ] 2025-08-29 18:19:49.059 [main] StepDef - **********Clicked on login button**********
[INFO ] 2025-08-29 18:20:05.790 [main] StepDef - Browser closed
[INFO ] 2025-08-29 18:20:10.436 [main] StepDef - **********Launching Chrome Browser**********
[INFO ] 2025-08-29 18:20:10.445 [main] StepDef - **********Launching Chrome Browser2**********
[INFO ] 2025-08-29 18:20:11.664 [main] StepDef - **********Opening URL**********
[INFO ] 2025-08-29 18:20:16.151 [main] StepDef - **********Providing login details**********
[INFO ] 2025-08-29 18:20:18.915 [main] StepDef - **********Clicked on login button**********
[INFO ] 2025-08-29 18:20:26.523 [main] StepDef - Browser closed
[INFO ] 2025-08-29 18:20:30.246 [main] StepDef - **********Launching Chrome Browser**********
[INFO ] 2025-08-29 18:20:30.253 [main] StepDef - **********Launching Chrome Browser2**********
[INFO ] 2025-08-29 18:20:31.804 [main] StepDef - **********Opening URL**********
[INFO ] 2025-08-29 18:20:36.220 [main] StepDef - **********Providing login details**********
[INFO ] 2025-08-29 18:20:40.153 [main] StepDef - **********Clicked on login button**********
[INFO ] 2025-08-29 18:37:30.268 [main] StepDef - **********Launching Chrome Browser**********
[INFO ] 2025-08-29 18:37:30.498 [main] StepDef - **********Launching Chrome Browser2**********
[INFO ] 2025-08-29 18:37:32.828 [main] StepDef - **********Opening URL**********
[INFO ] 2025-08-29 18:37:38.280 [main] StepDef - **********Providing login details**********
[INFO ] 2025-08-29 18:37:42.916 [main] StepDef - **********Clicked on login button**********
[WARN ] 2025-08-29 18:37:44.100 [main] StepDef - **********validated**********
[INFO ] 2025-08-29 18:37:51.091 [main] StepDef - **********Launching Chrome Browser**********
[INFO ] 2025-08-29 18:37:51.097 [main] StepDef - **********Launching Chrome Browser2**********
[INFO ] 2025-08-29 18:37:52.510 [main] StepDef - **********Opening URL**********
[INFO ] 2025-08-29 18:37:57.680 [main] StepDef - **********Providing login details**********
[INFO ] 2025-08-29 18:37:59.016 [main] StepDef - **********Clicked on login button**********
[INFO ] 2025-08-29 18:38:04.843 [main] StepDef - **********Launching Chrome Browser**********
[INFO ] 2025-08-29 18:38:04.847 [main] StepDef - **********Launching Chrome Browser2**********
[INFO ] 2025-08-29 18:38:07.088 [main] StepDef - **********Opening URL**********
[INFO ] 2025-08-29 18:38:12.551 [main] StepDef - **********Providing login details**********
[INFO ] 2025-08-29 18:38:13.689 [main] StepDef - **********Clicked on login button**********
[INFO ] 2025-08-29 18:38:18.921 [main] StepDef - **********Launching Chrome Browser**********
[INFO ] 2025-08-29 18:38:18.927 [main] StepDef - **********Launching Chrome Browser2**********
[INFO ] 2025-08-29 18:38:20.436 [main] StepDef - **********Opening URL**********
[INFO ] 2025-08-29 18:38:25.728 [main] StepDef - **********Providing login details**********
[INFO ] 2025-08-29 18:38:29.162 [main] StepDef - **********Clicked on login button**********
[WARN ] 2025-08-29 18:38:30.882 [main] StepDef - **********validated**********
[INFO ] 2025-08-29 18:43:18.225 [main] StepDef - **********Launching Chrome Browser**********
[INFO ] 2025-08-29 18:43:18.594 [main] StepDef - **********Launching Chrome Browser2**********
[INFO ] 2025-08-29 18:43:20.943 [main] StepDef - **********Opening URL**********
[INFO ] 2025-08-29 18:43:25.381 [main] StepDef - **********Providing login details**********
[INFO ] 2025-08-29 18:43:28.903 [main] StepDef - **********Clicked on login button**********
[WARN ] 2025-08-29 18:43:29.617 [main] StepDef - **********validated**********
[INFO ] 2025-08-29 18:43:36.354 [main] StepDef - **********Launching Chrome Browser**********
[INFO ] 2025-08-29 18:43:36.358 [main] StepDef - **********Launching Chrome Browser2**********
[INFO ] 2025-08-29 18:43:38.129 [main] StepDef - **********Opening URL**********
[INFO ] 2025-08-29 18:43:42.345 [main] StepDef - **********Providing login details**********
[INFO ] 2025-08-29 18:43:44.227 [main] StepDef - **********Clicked on login button**********
[INFO ] 2025-08-29 18:43:47.970 [main] StepDef - **********Launching Chrome Browser**********
[INFO ] 2025-08-29 18:43:47.983 [main] StepDef - **********Launching Chrome Browser2**********
[INFO ] 2025-08-29 18:43:50.195 [main] StepDef - **********Opening URL**********
[INFO ] 2025-08-29 18:43:54.495 [main] StepDef - **********Providing login details**********
[INFO ] 2025-08-29 18:43:56.079 [main] StepDef - **********Clicked on login button**********
[INFO ] 2025-08-29 18:44:03.989 [main] StepDef - **********Launching Chrome Browser**********
[INFO ] 2025-08-29 18:44:03.994 [main] StepDef - **********Launching Chrome Browser2**********
[INFO ] 2025-08-29 18:44:07.143 [main] StepDef - **********Opening URL**********
[INFO ] 2025-08-29 18:44:11.136 [main] StepDef - **********Providing login details**********
[INFO ] 2025-08-29 18:44:14.574 [main] StepDef - **********Clicked on login button**********
[WARN ] 2025-08-29 18:44:17.349 [main] StepDef - **********validated**********
[INFO ] 2025-08-29 18:48:13.819 [main] StepDef - **********Launching Chrome Browser**********
[INFO ] 2025-08-29 18:48:14.054 [main] StepDef - **********Launching Chrome Browser2**********
[INFO ] 2025-08-29 18:48:14.488 [main] StepDef - **********Opening URL**********
[INFO ] 2025-08-29 18:48:18.717 [main] StepDef - **********Providing login details**********
[INFO ] 2025-08-29 18:48:21.882 [main] StepDef - **********Clicked on login button**********
[WARN ] 2025-08-29 18:48:22.915 [main] StepDef - **********validated**********
[INFO ] 2025-08-29 18:48:29.486 [main] StepDef - **********Launching Chrome Browser**********
[INFO ] 2025-08-29 18:48:29.494 [main] StepDef - **********Launching Chrome Browser2**********
[INFO ] 2025-08-29 18:48:32.077 [main] StepDef - **********Opening URL**********
[INFO ] 2025-08-29 18:48:36.193 [main] StepDef - **********Providing login details**********
[INFO ] 2025-08-29 18:48:40.709 [main] StepDef - **********Clicked on login button**********
[WARN ] 2025-08-29 18:48:42.133 [main] StepDef - **********validated**********
[INFO ] 2025-08-29 18:48:48.101 [main] StepDef - **********Launching Chrome Browser**********
[INFO ] 2025-08-29 18:48:48.113 [main] StepDef - **********Launching Chrome Browser2**********
[INFO ] 2025-08-29 18:48:49.825 [main] StepDef - **********Opening URL**********
[INFO ] 2025-08-29 18:48:54.346 [main] StepDef - **********Providing login details**********
[INFO ] 2025-08-29 18:48:55.081 [main] StepDef - **********Clicked on login button**********
[INFO ] 2025-08-29 18:51:29.612 [main] StepDef - **********Launching Chrome Browser**********
[INFO ] 2025-08-29 18:51:29.815 [main] StepDef - **********Launching Chrome Browser2**********
[INFO ] 2025-08-29 18:51:31.865 [main] StepDef - **********Opening URL**********
[INFO ] 2025-08-29 18:51:35.994 [main] StepDef - **********Providing login details**********
[INFO ] 2025-08-29 18:51:39.625 [main] StepDef - **********Clicked on login button**********
[WARN ] 2025-08-29 18:51:40.189 [main] StepDef - **********validated**********
[INFO ] 2025-08-29 18:51:48.920 [main] StepDef - **********Launching Chrome Browser**********
[INFO ] 2025-08-29 18:51:48.944 [main] StepDef - **********Launching Chrome Browser2**********
[INFO ] 2025-08-29 18:51:51.062 [main] StepDef - **********Opening URL**********
[INFO ] 2025-08-29 18:51:57.197 [main] StepDef - **********Providing login details**********
[INFO ] 2025-08-29 18:52:00.102 [main] StepDef - **********Clicked on login button**********
[WARN ] 2025-08-29 18:52:01.939 [main] StepDef - **********validated**********
[INFO ] 2025-08-29 18:52:10.963 [main] StepDef - **********Launching Chrome Browser**********
[INFO ] 2025-08-29 18:52:10.972 [main] StepDef - **********Launching Chrome Browser2**********
[INFO ] 2025-08-29 18:52:13.581 [main] StepDef - **********Opening URL**********
[INFO ] 2025-08-29 18:52:18.291 [main] StepDef - **********Providing login details**********
[INFO ] 2025-08-29 18:52:20.680 [main] StepDef - **********Clicked on login button**********
[INFO ] 2025-08-29 18:58:44.244 [main] StepDef - **********Launching Chrome Browser**********
[INFO ] 2025-08-29 18:58:44.504 [main] StepDef - **********Launching Chrome Browser2**********
[INFO ] 2025-08-29 18:58:46.825 [main] StepDef - **********Opening URL**********
[INFO ] 2025-08-29 18:58:50.855 [main] StepDef - **********Providing login details**********
[INFO ] 2025-08-29 18:58:53.338 [main] StepDef - **********Clicked on login button**********
[WARN ] 2025-08-29 18:58:55.604 [main] StepDef - **********validated**********
[INFO ] 2025-08-29 18:59:06.185 [main] StepDef - **********Launching Chrome Browser**********
[INFO ] 2025-08-29 18:59:06.197 [main] StepDef - **********Launching Chrome Browser2**********
[INFO ] 2025-08-29 18:59:07.522 [main] StepDef - **********Opening URL**********
[INFO ] 2025-08-29 18:59:13.692 [main] StepDef - **********Providing login details**********
[INFO ] 2025-08-29 18:59:17.101 [main] StepDef - **********Clicked on login button**********
[WARN ] 2025-08-29 18:59:17.822 [main] StepDef - **********validated**********
[INFO ] 2025-08-29 18:59:29.439 [main] StepDef - **********Launching Chrome Browser**********
[INFO ] 2025-08-29 18:59:29.445 [main] StepDef - **********Launching Chrome Browser2**********
[INFO ] 2025-08-29 18:59:30.147 [main] StepDef - **********Opening URL**********
[INFO ] 2025-08-29 18:59:35.667 [main] StepDef - **********Providing login details**********
[INFO ] 2025-08-29 18:59:36.810 [main] StepDef - **********Clicked on login button**********
[INFO ] 2025-08-29 19:01:19.516 [main] StepDef - **********Launching Chrome Browser**********
[INFO ] 2025-08-29 19:01:19.660 [main] StepDef - **********Launching Chrome Browser2**********
[INFO ] 2025-08-29 19:01:20.421 [main] StepDef - **********Opening URL**********
[INFO ] 2025-08-29 19:01:24.392 [main] StepDef - **********Providing login details**********
[INFO ] 2025-08-29 19:01:27.833 [main] StepDef - **********Clicked on login button**********
[WARN ] 2025-08-29 19:01:27.970 [main] StepDef - **********validated**********
[INFO ] 2025-08-29 19:01:38.832 [main] StepDef - **********Launching Chrome Browser**********
[INFO ] 2025-08-29 19:01:38.842 [main] StepDef - **********Launching Chrome Browser2**********
[INFO ] 2025-08-29 19:01:43.002 [main] StepDef - **********Opening URL**********
[INFO ] 2025-08-29 19:01:49.075 [main] StepDef - **********Providing login details**********
[INFO ] 2025-08-29 19:01:52.061 [main] StepDef - **********Clicked on login button**********
[WARN ] 2025-08-29 19:01:53.858 [main] StepDef - **********validated**********
[INFO ] 2025-08-29 19:02:07.170 [main] StepDef - **********Launching Chrome Browser**********
[INFO ] 2025-08-29 19:02:07.175 [main] StepDef - **********Launching Chrome Browser2**********
[INFO ] 2025-08-29 19:02:09.523 [main] StepDef - **********Opening URL**********
[INFO ] 2025-08-29 19:02:13.957 [main] StepDef - **********Providing login details**********
[INFO ] 2025-08-29 19:02:14.842 [main] StepDef - **********Clicked on login button**********
[INFO ] 2025-08-29 19:04:03.103 [main] StepDef - **********Launching Chrome Browser**********
[INFO ] 2025-08-29 19:04:03.400 [main] StepDef - **********Launching Chrome Browser2**********
[INFO ] 2025-08-29 19:04:05.338 [main] StepDef - **********Opening URL**********
[INFO ] 2025-08-29 19:04:09.948 [main] StepDef - **********Providing login details**********
[INFO ] 2025-08-29 19:04:12.600 [main] StepDef - **********Clicked on login button**********
[WARN ] 2025-08-29 19:04:14.190 [main] StepDef - **********validated**********
[INFO ] 2025-08-29 19:04:23.960 [main] StepDef - **********Launching Chrome Browser**********
[INFO ] 2025-08-29 19:04:23.972 [main] StepDef - **********Launching Chrome Browser2**********
[INFO ] 2025-08-29 19:04:26.288 [main] StepDef - **********Opening URL**********
[INFO ] 2025-08-29 19:04:30.702 [main] StepDef - **********Providing login details**********
[INFO ] 2025-08-29 19:04:35.295 [main] StepDef - **********Clicked on login button**********
[WARN ] 2025-08-29 19:04:36.535 [main] StepDef - **********validated**********
[INFO ] 2025-08-29 19:04:46.627 [main] StepDef - **********Launching Chrome Browser**********
[INFO ] 2025-08-29 19:04:46.633 [main] StepDef - **********Launching Chrome Browser2**********
[INFO ] 2025-08-29 19:04:48.224 [main] StepDef - **********Opening URL**********
[INFO ] 2025-08-29 19:04:53.783 [main] StepDef - **********Providing login details**********
[INFO ] 2025-08-29 19:04:54.999 [main] StepDef - **********Clicked on login button**********
[INFO ] 2025-08-29 19:07:09.765 [main] StepDef - **********Launching Chrome Browser**********
[INFO ] 2025-08-29 19:07:09.932 [main] StepDef - **********Launching Chrome Browser2**********
[INFO ] 2025-08-29 19:07:10.688 [main] StepDef - **********Opening URL**********
[INFO ] 2025-08-29 19:07:14.511 [main] StepDef - **********Providing login details**********
[INFO ] 2025-08-29 19:07:17.302 [main] StepDef - **********Clicked on login button**********
[WARN ] 2025-08-29 19:07:19.291 [main] StepDef - **********validated**********
[INFO ] 2025-08-29 19:10:10.408 [main] StepDef - **********Launching Chrome Browser**********
[INFO ] 2025-08-29 19:10:10.588 [main] StepDef - **********Launching Chrome Browser2**********
[INFO ] 2025-08-29 19:10:12.276 [main] StepDef - **********Opening URL**********
[INFO ] 2025-08-29 19:10:17.608 [main] StepDef - **********Providing login details**********
[INFO ] 2025-08-29 19:10:20.441 [main] StepDef - **********Clicked on login button**********
[INFO ] 2025-08-29 19:12:42.209 [main] StepDef - **********Launching Chrome Browser**********
[INFO ] 2025-08-29 19:12:42.355 [main] StepDef - **********Launching Chrome Browser2**********
[INFO ] 2025-08-29 19:12:42.910 [main] StepDef - **********Opening URL**********
[INFO ] 2025-08-29 19:12:46.774 [main] StepDef - **********Providing login details**********
[INFO ] 2025-08-29 19:12:49.096 [main] StepDef - **********Clicked on login button**********
[WARN ] 2025-08-29 19:12:50.672 [main] StepDef - Test passed: Login feature :Page title matched.
[WARN ] 2025-08-29 19:12:57.541 [main] StepDef - Test passed: Login feature :Page title matched.
[INFO ] 2025-08-29 19:12:58.125 [main] StepDef - Browser closed
